[?1034h0 FPix_BpO_D3_BLD8_PNL1_RNG1_ROC11
1 FPix_BpO_D3_BLD8_PNL1_RNG1_ROC10
2 FPix_BpO_D3_BLD8_PNL1_RNG1_ROC13
3 FPix_BpO_D3_BLD8_PNL1_RNG1_ROC12
4 FPix_BpO_D3_BLD8_PNL1_RNG1_ROC15
5 FPix_BpO_D3_BLD8_PNL1_RNG1_ROC14
6 FPix_BpO_D3_BLD13_PNL1_RNG2_ROC7
7 FPix_BpO_D3_BLD13_PNL1_RNG2_ROC6
8 FPix_BpO_D3_BLD13_PNL1_RNG2_ROC5
9 FPix_BpO_D3_BLD13_PNL1_RNG2_ROC4
10 FPix_BpO_D3_BLD13_PNL1_RNG2_ROC3
11 FPix_BpO_D3_BLD13_PNL1_RNG2_ROC2
12 FPix_BpO_D3_BLD13_PNL1_RNG2_ROC1
13 FPix_BpO_D3_BLD13_PNL1_RNG2_ROC0
14 FPix_BpO_D3_BLD13_PNL1_RNG2_ROC9
15 FPix_BpO_D3_BLD13_PNL1_RNG2_ROC8
16 FPix_BpO_D3_BLD13_PNL2_RNG2_ROC8
17 FPix_BpO_D3_BLD13_PNL2_RNG2_ROC9
18 FPix_BpO_D3_BLD13_PNL2_RNG2_ROC0
19 FPix_BpO_D3_BLD13_PNL2_RNG2_ROC1
20 FPix_BpO_D3_BLD13_PNL2_RNG2_ROC2
21 FPix_BpO_D3_BLD13_PNL2_RNG2_ROC3
22 FPix_BpO_D3_BLD13_PNL2_RNG2_ROC4
23 FPix_BpO_D3_BLD13_PNL2_RNG2_ROC5
24 FPix_BpO_D3_BLD13_PNL2_RNG2_ROC6
25 FPix_BpO_D3_BLD13_PNL2_RNG2_ROC7
26 FPix_BpO_D3_BLD6_PNL2_RNG1_ROC8
27 FPix_BpO_D3_BLD6_PNL2_RNG1_ROC9
28 FPix_BpO_D3_BLD6_PNL2_RNG1_ROC0
29 FPix_BpO_D3_BLD6_PNL2_RNG1_ROC1
30 FPix_BpO_D3_BLD6_PNL2_RNG1_ROC2
31 FPix_BpO_D3_BLD6_PNL2_RNG1_ROC3
32 FPix_BpO_D3_BLD6_PNL2_RNG1_ROC4
33 FPix_BpO_D3_BLD6_PNL2_RNG1_ROC5
34 FPix_BpO_D3_BLD6_PNL2_RNG1_ROC6
35 FPix_BpO_D3_BLD6_PNL2_RNG1_ROC7
36 FPix_BpO_D3_BLD8_PNL2_RNG1_ROC10
37 FPix_BpO_D3_BLD12_PNL2_RNG2_ROC9
38 FPix_BpO_D3_BLD12_PNL2_RNG2_ROC8
39 FPix_BpO_D3_BLD12_PNL2_RNG2_ROC7
40 FPix_BpO_D3_BLD12_PNL2_RNG2_ROC6
41 FPix_BpO_D3_BLD12_PNL2_RNG2_ROC5
42 FPix_BpO_D3_BLD12_PNL2_RNG2_ROC4
43 FPix_BpO_D3_BLD12_PNL2_RNG2_ROC3
44 FPix_BpO_D3_BLD12_PNL2_RNG2_ROC2
45 FPix_BpO_D3_BLD12_PNL2_RNG2_ROC1
46 FPix_BpO_D3_BLD12_PNL2_RNG2_ROC0
47 FPix_BpO_D3_BLD8_PNL2_RNG1_ROC13
48 FPix_BpO_D3_BLD8_PNL2_RNG1_ROC14
49 FPix_BpO_D3_BLD8_PNL2_RNG1_ROC15
50 FPix_BpO_D3_BLD7_PNL2_RNG1_ROC7
51 FPix_BpO_D3_BLD7_PNL2_RNG1_ROC6
52 FPix_BpO_D3_BLD7_PNL2_RNG1_ROC5
53 FPix_BpO_D3_BLD7_PNL2_RNG1_ROC4
54 FPix_BpO_D3_BLD7_PNL2_RNG1_ROC3
55 FPix_BpO_D3_BLD7_PNL2_RNG1_ROC2
56 FPix_BpO_D3_BLD7_PNL2_RNG1_ROC1
57 FPix_BpO_D3_BLD7_PNL2_RNG1_ROC0
58 FPix_BpO_D3_BLD7_PNL2_RNG1_ROC9
59 FPix_BpO_D3_BLD7_PNL2_RNG1_ROC8
60 FPix_BpO_D3_BLD10_PNL1_RNG2_ROC10
61 FPix_BpO_D3_BLD10_PNL1_RNG2_ROC11
62 FPix_BpO_D3_BLD10_PNL1_RNG2_ROC12
63 FPix_BpO_D3_BLD6_PNL2_RNG1_ROC11
64 FPix_BpO_D3_BLD10_PNL1_RNG2_ROC14
65 FPix_BpO_D3_BLD10_PNL1_RNG2_ROC15
66 FPix_BpO_D3_BLD6_PNL2_RNG1_ROC14
67 FPix_BpO_D3_BLD6_PNL2_RNG1_ROC15
68 FPix_BpO_D3_BLD13_PNL2_RNG2_ROC12
69 FPix_BpO_D3_BLD13_PNL2_RNG2_ROC13
70 FPix_BpO_D3_BLD13_PNL2_RNG2_ROC10
71 FPix_BpO_D3_BLD13_PNL2_RNG2_ROC11
72 FPix_BpO_D3_BLD13_PNL2_RNG2_ROC14
73 FPix_BpO_D3_BLD13_PNL2_RNG2_ROC15
74 FPix_BpO_D3_BLD11_PNL1_RNG2_ROC11
75 FPix_BpO_D3_BLD11_PNL1_RNG2_ROC10
76 FPix_BpO_D3_BLD11_PNL1_RNG2_ROC13
77 FPix_BpO_D3_BLD11_PNL1_RNG2_ROC12
78 FPix_BpO_D3_BLD11_PNL1_RNG2_ROC15
79 FPix_BpO_D3_BLD11_PNL1_RNG2_ROC14
80 FPix_BpO_D3_BLD11_PNL1_RNG2_ROC9
81 FPix_BpO_D3_BLD11_PNL1_RNG2_ROC8
82 FPix_BpO_D3_BLD11_PNL1_RNG2_ROC1
83 FPix_BpO_D3_BLD11_PNL1_RNG2_ROC0
84 FPix_BpO_D3_BLD11_PNL1_RNG2_ROC3
85 FPix_BpO_D3_BLD11_PNL1_RNG2_ROC2
86 FPix_BpO_D3_BLD11_PNL1_RNG2_ROC5
87 FPix_BpO_D3_BLD11_PNL1_RNG2_ROC4
88 FPix_BpO_D3_BLD11_PNL1_RNG2_ROC7
89 FPix_BpO_D3_BLD11_PNL1_RNG2_ROC6
90 FPix_BpO_D3_BLD8_PNL2_RNG1_ROC5
91 FPix_BpO_D3_BLD12_PNL2_RNG2_ROC13
92 FPix_BpO_D3_BLD12_PNL2_RNG2_ROC12
93 FPix_BpO_D3_BLD12_PNL2_RNG2_ROC11
94 FPix_BpO_D3_BLD12_PNL2_RNG2_ROC10
95 FPix_BpO_D3_BLD12_PNL2_RNG2_ROC15
96 FPix_BpO_D3_BLD12_PNL2_RNG2_ROC14
97 FPix_BpO_D3_BLD11_PNL2_RNG2_ROC14
98 FPix_BpO_D3_BLD11_PNL2_RNG2_ROC15
99 FPix_BpO_D3_BLD11_PNL2_RNG2_ROC10
100 FPix_BpO_D3_BLD11_PNL2_RNG2_ROC11
101 FPix_BpO_D3_BLD11_PNL2_RNG2_ROC12
102 FPix_BpO_D3_BLD11_PNL2_RNG2_ROC13
103 FPix_BpO_D3_BLD6_PNL1_RNG1_ROC15
104 FPix_BpO_D3_BLD6_PNL1_RNG1_ROC14
105 FPix_BpO_D3_BLD6_PNL1_RNG1_ROC13
106 FPix_BpO_D3_BLD6_PNL1_RNG1_ROC12
107 FPix_BpO_D3_BLD6_PNL1_RNG1_ROC11
108 FPix_BpO_D3_BLD6_PNL1_RNG1_ROC10
109 FPix_BpO_D3_BLD7_PNL1_RNG1_ROC4
110 FPix_BpO_D3_BLD7_PNL1_RNG1_ROC5
111 FPix_BpO_D3_BLD7_PNL1_RNG1_ROC6
112 FPix_BpO_D3_BLD7_PNL1_RNG1_ROC7
113 FPix_BpO_D3_BLD7_PNL1_RNG1_ROC0
114 FPix_BpO_D3_BLD7_PNL1_RNG1_ROC1
115 FPix_BpO_D3_BLD7_PNL1_RNG1_ROC2
116 FPix_BpO_D3_BLD7_PNL1_RNG1_ROC3
117 FPix_BpO_D3_BLD7_PNL1_RNG1_ROC8
118 FPix_BpO_D3_BLD7_PNL1_RNG1_ROC9
119 FPix_BpO_D3_BLD8_PNL2_RNG1_ROC9
120 FPix_BpO_D3_BLD8_PNL1_RNG1_ROC7
121 FPix_BpO_D3_BLD8_PNL2_RNG1_ROC6
122 FPix_BpO_D3_BLD8_PNL2_RNG1_ROC7
123 FPix_BpO_D3_BLD8_PNL2_RNG1_ROC4
124 FPix_BpO_D3_BLD8_PNL1_RNG1_ROC6
125 FPix_BpO_D3_BLD8_PNL2_RNG1_ROC2
126 FPix_BpO_D3_BLD8_PNL2_RNG1_ROC3
127 FPix_BpO_D3_BLD8_PNL2_RNG1_ROC0
128 FPix_BpO_D3_BLD8_PNL2_RNG1_ROC1
129 FPix_BpO_D3_BLD8_PNL1_RNG1_ROC1
130 FPix_BpO_D3_BLD8_PNL2_RNG1_ROC8
131 FPix_BpO_D3_BLD8_PNL1_RNG1_ROC0
132 FPix_BpO_D3_BLD8_PNL1_RNG1_ROC3
133 FPix_BpO_D3_BLD8_PNL1_RNG1_ROC2
134 FPix_BpO_D3_BLD6_PNL2_RNG1_ROC12
135 FPix_BpO_D3_BLD6_PNL2_RNG1_ROC13
136 FPix_BpO_D3_BLD7_PNL2_RNG1_ROC13
137 FPix_BpO_D3_BLD7_PNL2_RNG1_ROC12
138 FPix_BpO_D3_BLD7_PNL2_RNG1_ROC11
139 FPix_BpO_D3_BLD7_PNL2_RNG1_ROC10
140 FPix_BpO_D3_BLD6_PNL2_RNG1_ROC10
141 FPix_BpO_D3_BLD7_PNL2_RNG1_ROC15
142 FPix_BpO_D3_BLD7_PNL2_RNG1_ROC14
143 FPix_BpO_D3_BLD8_PNL2_RNG1_ROC11
144 FPix_BpO_D3_BLD10_PNL1_RNG2_ROC13
145 FPix_BpO_D3_BLD13_PNL1_RNG2_ROC13
146 FPix_BpO_D3_BLD13_PNL1_RNG2_ROC12
147 FPix_BpO_D3_BLD13_PNL1_RNG2_ROC11
148 FPix_BpO_D3_BLD13_PNL1_RNG2_ROC10
149 FPix_BpO_D3_BLD13_PNL1_RNG2_ROC15
150 FPix_BpO_D3_BLD13_PNL1_RNG2_ROC14
151 FPix_BpO_D3_BLD8_PNL2_RNG1_ROC12
152 FPix_BpO_D3_BLD11_PNL2_RNG2_ROC6
153 FPix_BpO_D3_BLD11_PNL2_RNG2_ROC7
154 FPix_BpO_D3_BLD11_PNL2_RNG2_ROC4
155 FPix_BpO_D3_BLD11_PNL2_RNG2_ROC5
156 FPix_BpO_D3_BLD11_PNL2_RNG2_ROC2
157 FPix_BpO_D3_BLD11_PNL2_RNG2_ROC3
158 FPix_BpO_D3_BLD11_PNL2_RNG2_ROC0
159 FPix_BpO_D3_BLD11_PNL2_RNG2_ROC1
160 FPix_BpO_D3_BLD11_PNL2_RNG2_ROC8
161 FPix_BpO_D3_BLD11_PNL2_RNG2_ROC9
162 FPix_BpO_D3_BLD12_PNL1_RNG2_ROC12
163 FPix_BpO_D3_BLD12_PNL1_RNG2_ROC13
164 FPix_BpO_D3_BLD12_PNL1_RNG2_ROC10
165 FPix_BpO_D3_BLD12_PNL1_RNG2_ROC11
166 FPix_BpO_D3_BLD12_PNL1_RNG2_ROC14
167 FPix_BpO_D3_BLD12_PNL1_RNG2_ROC15
168 FPix_BpO_D3_BLD12_PNL1_RNG2_ROC2
169 FPix_BpO_D3_BLD12_PNL1_RNG2_ROC3
170 FPix_BpO_D3_BLD10_PNL2_RNG2_ROC9
171 FPix_BpO_D3_BLD10_PNL2_RNG2_ROC8
172 FPix_BpO_D3_BLD10_PNL2_RNG2_ROC5
173 FPix_BpO_D3_BLD10_PNL2_RNG2_ROC4
174 FPix_BpO_D3_BLD10_PNL2_RNG2_ROC7
175 FPix_BpO_D3_BLD10_PNL2_RNG2_ROC6
176 FPix_BpO_D3_BLD10_PNL2_RNG2_ROC1
177 FPix_BpO_D3_BLD10_PNL2_RNG2_ROC0
178 FPix_BpO_D3_BLD10_PNL2_RNG2_ROC3
179 FPix_BpO_D3_BLD10_PNL2_RNG2_ROC2
180 FPix_BpO_D3_BLD10_PNL2_RNG2_ROC15
181 FPix_BpO_D3_BLD10_PNL2_RNG2_ROC14
182 FPix_BpO_D3_BLD10_PNL1_RNG2_ROC8
183 FPix_BpO_D3_BLD10_PNL1_RNG2_ROC9
184 FPix_BpO_D3_BLD10_PNL2_RNG2_ROC11
185 FPix_BpO_D3_BLD10_PNL2_RNG2_ROC10
186 FPix_BpO_D3_BLD10_PNL2_RNG2_ROC13
187 FPix_BpO_D3_BLD10_PNL2_RNG2_ROC12
188 FPix_BpO_D3_BLD10_PNL1_RNG2_ROC2
189 FPix_BpO_D3_BLD10_PNL1_RNG2_ROC3
190 FPix_BpO_D3_BLD10_PNL1_RNG2_ROC0
191 FPix_BpO_D3_BLD10_PNL1_RNG2_ROC1
192 FPix_BpO_D3_BLD10_PNL1_RNG2_ROC6
193 FPix_BpO_D3_BLD10_PNL1_RNG2_ROC7
194 FPix_BpO_D3_BLD10_PNL1_RNG2_ROC4
195 FPix_BpO_D3_BLD10_PNL1_RNG2_ROC5
196 FPix_BpO_D3_BLD12_PNL1_RNG2_ROC8
197 FPix_BpO_D3_BLD8_PNL1_RNG1_ROC9
198 FPix_BpO_D3_BLD8_PNL1_RNG1_ROC8
199 FPix_BpO_D3_BLD12_PNL1_RNG2_ROC9
200 FPix_BpO_D3_BLD8_PNL1_RNG1_ROC5
201 FPix_BpO_D3_BLD8_PNL1_RNG1_ROC4
202 FPix_BpO_D3_BLD7_PNL1_RNG1_ROC14
203 FPix_BpO_D3_BLD7_PNL1_RNG1_ROC15
204 FPix_BpO_D3_BLD7_PNL1_RNG1_ROC12
205 FPix_BpO_D3_BLD7_PNL1_RNG1_ROC13
206 FPix_BpO_D3_BLD7_PNL1_RNG1_ROC10
207 FPix_BpO_D3_BLD7_PNL1_RNG1_ROC11
208 FPix_BpO_D3_BLD12_PNL1_RNG2_ROC0
209 FPix_BpO_D3_BLD12_PNL1_RNG2_ROC1
210 FPix_BpO_D3_BLD6_PNL1_RNG1_ROC9
211 FPix_BpO_D3_BLD6_PNL1_RNG1_ROC8
212 FPix_BpO_D3_BLD12_PNL1_RNG2_ROC4
213 FPix_BpO_D3_BLD12_PNL1_RNG2_ROC5
214 FPix_BpO_D3_BLD12_PNL1_RNG2_ROC6
215 FPix_BpO_D3_BLD12_PNL1_RNG2_ROC7
216 FPix_BpO_D3_BLD6_PNL1_RNG1_ROC3
217 FPix_BpO_D3_BLD6_PNL1_RNG1_ROC2
218 FPix_BpO_D3_BLD6_PNL1_RNG1_ROC1
219 FPix_BpO_D3_BLD6_PNL1_RNG1_ROC0
220 FPix_BpO_D3_BLD6_PNL1_RNG1_ROC7
221 FPix_BpO_D3_BLD6_PNL1_RNG1_ROC6
222 FPix_BpO_D3_BLD6_PNL1_RNG1_ROC5
223 FPix_BpO_D3_BLD6_PNL1_RNG1_ROC4
1
2
3
4
bad by roc:
26 FPix_BpO_D3_BLD10_PNL2_RNG2 10T M-Y-F-NJ
7 FPix_BpO_D3_BLD13_PNL1_RNG2 13B M-K-3-11
6 FPix_BpO_D3_BLD12_PNL1_RNG2 12B M-O-2-43
4 FPix_BpO_D3_BLD11_PNL1_RNG2 11B M-Y-A-NV
4 FPix_BpO_D3_BLD7_PNL2_RNG1 7T M-I-2-09
11 FPix_BpO_D3_BLD11_PNL2_RNG2 11T M-Y-Q-NH
11 FPix_BpO_D3_BLD10_PNL1_RNG2 10B M-Y-P-NT
13 FPix_BpO_D3_BLD6_PNL2_RNG1 6T M-Y-T-NM
19 FPix_BpO_D3_BLD6_PNL1_RNG1 6B M-P-5-06
21 FPix_BpO_D3_BLD7_PNL1_RNG1 7B M-Y-O-NG
17 FPix_BpO_D3_BLD8_PNL1_RNG1 8B M-P-2-22
10 FPix_BpO_D3_BLD13_PNL2_RNG2 13T M-Y-Q-NF
