[?1034h0 FPix_BpO_D1_BLD13_PNL1_RNG2_ROC8
1 FPix_BpO_D1_BLD13_PNL2_RNG2_ROC15
2 FPix_BpO_D1_BLD13_PNL2_RNG2_ROC4
3 FPix_BpO_D1_BLD10_PNL1_RNG2_ROC0
4 FPix_BpO_D1_BLD10_PNL1_RNG2_ROC1
5 FPix_BpO_D1_BLD10_PNL1_RNG2_ROC2
6 FPix_BpO_D1_BLD10_PNL1_RNG2_ROC3
7 FPix_BpO_D1_BLD10_PNL1_RNG2_ROC4
8 FPix_BpO_D1_BLD10_PNL1_RNG2_ROC5
9 FPix_BpO_D1_BLD10_PNL1_RNG2_ROC6
10 FPix_BpO_D1_BLD10_PNL1_RNG2_ROC7
11 FPix_BpO_D1_BLD10_PNL1_RNG2_ROC8
12 FPix_BpO_D1_BLD10_PNL1_RNG2_ROC9
13 FPix_BpO_D1_BLD12_PNL2_RNG2_ROC7
14 FPix_BpO_D1_BLD12_PNL2_RNG2_ROC6
15 FPix_BpO_D1_BLD12_PNL2_RNG2_ROC1
16 FPix_BpO_D1_BLD12_PNL2_RNG2_ROC0
17 FPix_BpO_D1_BLD12_PNL2_RNG2_ROC3
18 FPix_BpO_D1_BLD12_PNL2_RNG2_ROC2
19 FPix_BpO_D1_BLD7_PNL2_RNG1_ROC5
20 FPix_BpO_D1_BLD7_PNL2_RNG1_ROC4
21 FPix_BpO_D1_BLD7_PNL2_RNG1_ROC7
22 FPix_BpO_D1_BLD13_PNL1_RNG2_ROC0
23 FPix_BpO_D1_BLD7_PNL2_RNG1_ROC6
24 FPix_BpO_D1_BLD10_PNL1_RNG2_ROC12
25 FPix_BpO_D1_BLD10_PNL1_RNG2_ROC13
26 FPix_BpO_D1_BLD10_PNL1_RNG2_ROC10
27 FPix_BpO_D1_BLD10_PNL1_RNG2_ROC11
28 FPix_BpO_D1_BLD10_PNL1_RNG2_ROC14
29 FPix_BpO_D1_BLD10_PNL1_RNG2_ROC15
30 FPix_BpO_D1_BLD7_PNL1_RNG1_ROC14
31 FPix_BpO_D1_BLD7_PNL1_RNG1_ROC15
32 FPix_BpO_D1_BLD7_PNL1_RNG1_ROC10
33 FPix_BpO_D1_BLD7_PNL1_RNG1_ROC11
34 FPix_BpO_D1_BLD7_PNL1_RNG1_ROC12
35 FPix_BpO_D1_BLD7_PNL1_RNG1_ROC13
36 FPix_BpO_D1_BLD8_PNL1_RNG1_ROC9
37 FPix_BpO_D1_BLD8_PNL1_RNG1_ROC8
38 FPix_BpO_D1_BLD8_PNL1_RNG1_ROC7
39 FPix_BpO_D1_BLD8_PNL1_RNG1_ROC6
40 FPix_BpO_D1_BLD8_PNL1_RNG1_ROC5
41 FPix_BpO_D1_BLD8_PNL1_RNG1_ROC4
42 FPix_BpO_D1_BLD8_PNL1_RNG1_ROC3
43 FPix_BpO_D1_BLD8_PNL1_RNG1_ROC2
44 FPix_BpO_D1_BLD8_PNL1_RNG1_ROC1
45 FPix_BpO_D1_BLD8_PNL1_RNG1_ROC0
46 FPix_BpO_D1_BLD10_PNL2_RNG2_ROC13
47 FPix_BpO_D1_BLD10_PNL2_RNG2_ROC12
48 FPix_BpO_D1_BLD10_PNL2_RNG2_ROC11
49 FPix_BpO_D1_BLD10_PNL2_RNG2_ROC10
50 FPix_BpO_D1_BLD10_PNL2_RNG2_ROC15
51 FPix_BpO_D1_BLD10_PNL2_RNG2_ROC14
52 FPix_BpO_D1_BLD6_PNL1_RNG1_ROC15
53 FPix_BpO_D1_BLD6_PNL1_RNG1_ROC14
54 FPix_BpO_D1_BLD7_PNL2_RNG1_ROC3
55 FPix_BpO_D1_BLD7_PNL2_RNG1_ROC2
56 FPix_BpO_D1_BLD6_PNL1_RNG1_ROC11
57 FPix_BpO_D1_BLD6_PNL1_RNG1_ROC10
58 FPix_BpO_D1_BLD6_PNL1_RNG1_ROC13
59 FPix_BpO_D1_BLD6_PNL1_RNG1_ROC12
60 FPix_BpO_D1_BLD7_PNL2_RNG1_ROC9
61 FPix_BpO_D1_BLD7_PNL2_RNG1_ROC8
62 FPix_BpO_D1_BLD13_PNL1_RNG2_ROC3
63 FPix_BpO_D1_BLD13_PNL1_RNG2_ROC2
64 FPix_BpO_D1_BLD13_PNL1_RNG2_ROC5
65 FPix_BpO_D1_BLD13_PNL1_RNG2_ROC4
66 FPix_BpO_D1_BLD13_PNL1_RNG2_ROC7
67 FPix_BpO_D1_BLD13_PNL1_RNG2_ROC6
68 FPix_BpO_D1_BLD11_PNL2_RNG2_ROC12
69 FPix_BpO_D1_BLD11_PNL2_RNG2_ROC13
70 FPix_BpO_D1_BLD11_PNL2_RNG2_ROC10
71 FPix_BpO_D1_BLD11_PNL2_RNG2_ROC11
72 FPix_BpO_D1_BLD11_PNL2_RNG2_ROC14
73 FPix_BpO_D1_BLD11_PNL2_RNG2_ROC15
74 FPix_BpO_D1_BLD12_PNL2_RNG2_ROC9
75 FPix_BpO_D1_BLD13_PNL1_RNG2_ROC1
76 FPix_BpO_D1_BLD12_PNL2_RNG2_ROC8
77 FPix_BpO_D1_BLD6_PNL1_RNG1_ROC9
78 FPix_BpO_D1_BLD6_PNL1_RNG1_ROC8
79 FPix_BpO_D1_BLD6_PNL1_RNG1_ROC1
80 FPix_BpO_D1_BLD6_PNL1_RNG1_ROC0
81 FPix_BpO_D1_BLD6_PNL1_RNG1_ROC3
82 FPix_BpO_D1_BLD6_PNL1_RNG1_ROC2
83 FPix_BpO_D1_BLD6_PNL1_RNG1_ROC5
84 FPix_BpO_D1_BLD6_PNL1_RNG1_ROC4
85 FPix_BpO_D1_BLD6_PNL1_RNG1_ROC7
86 FPix_BpO_D1_BLD6_PNL1_RNG1_ROC6
87 FPix_BpO_D1_BLD12_PNL2_RNG2_ROC5
88 FPix_BpO_D1_BLD12_PNL1_RNG2_ROC8
89 FPix_BpO_D1_BLD12_PNL1_RNG2_ROC9
90 FPix_BpO_D1_BLD12_PNL2_RNG2_ROC4
91 FPix_BpO_D1_BLD12_PNL1_RNG2_ROC2
92 FPix_BpO_D1_BLD12_PNL1_RNG2_ROC3
93 FPix_BpO_D1_BLD12_PNL1_RNG2_ROC0
94 FPix_BpO_D1_BLD12_PNL1_RNG2_ROC1
95 FPix_BpO_D1_BLD12_PNL1_RNG2_ROC6
96 FPix_BpO_D1_BLD12_PNL1_RNG2_ROC7
97 FPix_BpO_D1_BLD12_PNL1_RNG2_ROC4
98 FPix_BpO_D1_BLD12_PNL1_RNG2_ROC5
99 FPix_BpO_D1_BLD13_PNL1_RNG2_ROC11
100 FPix_BpO_D1_BLD8_PNL2_RNG1_ROC8
101 FPix_BpO_D1_BLD8_PNL2_RNG1_ROC9
102 FPix_BpO_D1_BLD13_PNL1_RNG2_ROC10
103 FPix_BpO_D1_BLD8_PNL2_RNG1_ROC4
104 FPix_BpO_D1_BLD8_PNL2_RNG1_ROC5
105 FPix_BpO_D1_BLD8_PNL2_RNG1_ROC6
106 FPix_BpO_D1_BLD8_PNL2_RNG1_ROC7
107 FPix_BpO_D1_BLD8_PNL2_RNG1_ROC0
108 FPix_BpO_D1_BLD8_PNL2_RNG1_ROC1
109 FPix_BpO_D1_BLD8_PNL2_RNG1_ROC2
110 FPix_BpO_D1_BLD8_PNL2_RNG1_ROC3
111 FPix_BpO_D1_BLD13_PNL1_RNG2_ROC15
112 FPix_BpO_D1_BLD13_PNL1_RNG2_ROC14
113 FPix_BpO_D1_BLD12_PNL2_RNG2_ROC15
114 FPix_BpO_D1_BLD12_PNL2_RNG2_ROC14
115 FPix_BpO_D1_BLD7_PNL1_RNG1_ROC8
116 FPix_BpO_D1_BLD7_PNL1_RNG1_ROC9
117 FPix_BpO_D1_BLD12_PNL2_RNG2_ROC11
118 FPix_BpO_D1_BLD7_PNL2_RNG1_ROC13
119 FPix_BpO_D1_BLD12_PNL2_RNG2_ROC13
120 FPix_BpO_D1_BLD12_PNL2_RNG2_ROC12
121 FPix_BpO_D1_BLD7_PNL1_RNG1_ROC2
122 FPix_BpO_D1_BLD7_PNL1_RNG1_ROC3
123 FPix_BpO_D1_BLD7_PNL1_RNG1_ROC0
124 FPix_BpO_D1_BLD7_PNL1_RNG1_ROC1
125 FPix_BpO_D1_BLD7_PNL1_RNG1_ROC6
126 FPix_BpO_D1_BLD7_PNL1_RNG1_ROC7
127 FPix_BpO_D1_BLD7_PNL1_RNG1_ROC4
128 FPix_BpO_D1_BLD7_PNL1_RNG1_ROC5
129 FPix_BpO_D1_BLD12_PNL1_RNG2_ROC10
130 FPix_BpO_D1_BLD12_PNL1_RNG2_ROC11
131 FPix_BpO_D1_BLD12_PNL1_RNG2_ROC12
132 FPix_BpO_D1_BLD12_PNL1_RNG2_ROC13
133 FPix_BpO_D1_BLD12_PNL1_RNG2_ROC14
134 FPix_BpO_D1_BLD12_PNL1_RNG2_ROC15
135 FPix_BpO_D1_BLD13_PNL2_RNG2_ROC0
136 FPix_BpO_D1_BLD13_PNL2_RNG2_ROC1
137 FPix_BpO_D1_BLD13_PNL2_RNG2_ROC8
138 FPix_BpO_D1_BLD13_PNL2_RNG2_ROC9
139 FPix_BpO_D1_BLD12_PNL2_RNG2_ROC10
140 FPix_BpO_D1_BLD7_PNL2_RNG1_ROC12
141 FPix_BpO_D1_BLD13_PNL2_RNG2_ROC5
142 FPix_BpO_D1_BLD13_PNL2_RNG2_ROC12
143 FPix_BpO_D1_BLD13_PNL2_RNG2_ROC13
144 FPix_BpO_D1_BLD11_PNL1_RNG2_ROC13
145 FPix_BpO_D1_BLD11_PNL1_RNG2_ROC12
146 FPix_BpO_D1_BLD11_PNL1_RNG2_ROC11
147 FPix_BpO_D1_BLD11_PNL1_RNG2_ROC10
148 FPix_BpO_D1_BLD11_PNL1_RNG2_ROC15
149 FPix_BpO_D1_BLD11_PNL1_RNG2_ROC14
150 FPix_BpO_D1_BLD13_PNL2_RNG2_ROC6
151 FPix_BpO_D1_BLD10_PNL2_RNG2_ROC9
152 FPix_BpO_D1_BLD10_PNL2_RNG2_ROC8
153 FPix_BpO_D1_BLD10_PNL2_RNG2_ROC7
154 FPix_BpO_D1_BLD10_PNL2_RNG2_ROC6
155 FPix_BpO_D1_BLD10_PNL2_RNG2_ROC5
156 FPix_BpO_D1_BLD10_PNL2_RNG2_ROC4
157 FPix_BpO_D1_BLD10_PNL2_RNG2_ROC3
158 FPix_BpO_D1_BLD10_PNL2_RNG2_ROC2
159 FPix_BpO_D1_BLD10_PNL2_RNG2_ROC1
160 FPix_BpO_D1_BLD10_PNL2_RNG2_ROC0
161 FPix_BpO_D1_BLD8_PNL2_RNG1_ROC14
162 FPix_BpO_D1_BLD8_PNL2_RNG1_ROC15
163 FPix_BpO_D1_BLD8_PNL2_RNG1_ROC12
164 FPix_BpO_D1_BLD8_PNL2_RNG1_ROC13
165 FPix_BpO_D1_BLD8_PNL2_RNG1_ROC10
166 FPix_BpO_D1_BLD8_PNL2_RNG1_ROC11
167 FPix_BpO_D1_BLD13_PNL2_RNG2_ROC2
168 FPix_BpO_D1_BLD7_PNL2_RNG1_ROC1
169 FPix_BpO_D1_BLD13_PNL2_RNG2_ROC3
170 FPix_BpO_D1_BLD11_PNL2_RNG2_ROC8
171 FPix_BpO_D1_BLD11_PNL2_RNG2_ROC9
172 FPix_BpO_D1_BLD11_PNL2_RNG2_ROC0
173 FPix_BpO_D1_BLD11_PNL2_RNG2_ROC1
174 FPix_BpO_D1_BLD11_PNL2_RNG2_ROC2
175 FPix_BpO_D1_BLD11_PNL2_RNG2_ROC3
176 FPix_BpO_D1_BLD11_PNL2_RNG2_ROC4
177 FPix_BpO_D1_BLD11_PNL2_RNG2_ROC5
178 FPix_BpO_D1_BLD11_PNL2_RNG2_ROC6
179 FPix_BpO_D1_BLD11_PNL2_RNG2_ROC7
180 FPix_BpO_D1_BLD7_PNL2_RNG1_ROC0
181 FPix_BpO_D1_BLD11_PNL1_RNG2_ROC7
182 FPix_BpO_D1_BLD11_PNL1_RNG2_ROC6
183 FPix_BpO_D1_BLD11_PNL1_RNG2_ROC5
184 FPix_BpO_D1_BLD11_PNL1_RNG2_ROC4
185 FPix_BpO_D1_BLD11_PNL1_RNG2_ROC3
186 FPix_BpO_D1_BLD11_PNL1_RNG2_ROC2
187 FPix_BpO_D1_BLD11_PNL1_RNG2_ROC1
188 FPix_BpO_D1_BLD11_PNL1_RNG2_ROC0
189 FPix_BpO_D1_BLD7_PNL2_RNG1_ROC15
190 FPix_BpO_D1_BLD7_PNL2_RNG1_ROC14
191 FPix_BpO_D1_BLD13_PNL1_RNG2_ROC13
192 FPix_BpO_D1_BLD13_PNL1_RNG2_ROC12
193 FPix_BpO_D1_BLD7_PNL2_RNG1_ROC11
194 FPix_BpO_D1_BLD7_PNL2_RNG1_ROC10
195 FPix_BpO_D1_BLD11_PNL1_RNG2_ROC9
196 FPix_BpO_D1_BLD11_PNL1_RNG2_ROC8
197 FPix_BpO_D1_BLD8_PNL1_RNG1_ROC13
198 FPix_BpO_D1_BLD8_PNL1_RNG1_ROC12
199 FPix_BpO_D1_BLD8_PNL1_RNG1_ROC11
200 FPix_BpO_D1_BLD8_PNL1_RNG1_ROC10
201 FPix_BpO_D1_BLD13_PNL2_RNG2_ROC10
202 FPix_BpO_D1_BLD13_PNL2_RNG2_ROC11
203 FPix_BpO_D1_BLD8_PNL1_RNG1_ROC15
204 FPix_BpO_D1_BLD8_PNL1_RNG1_ROC14
205 FPix_BpO_D1_BLD13_PNL1_RNG2_ROC9
206 FPix_BpO_D1_BLD13_PNL2_RNG2_ROC7
207 FPix_BpO_D1_BLD13_PNL2_RNG2_ROC14
1
2
3
4
bad by roc:
6 FPix_BpO_D1_BLD12_PNL2_RNG2 12T M-M-3-21
4 FPix_BpO_D1_BLD12_PNL1_RNG2 12B M-Y-K-NS
4 FPix_BpO_D1_BLD8_PNL1_RNG1 8B M-K-1-08
1 FPix_BpO_D1_BLD13_PNL2_RNG2 13T M-Y-F-NM
4 FPix_BpO_D1_BLD6_PNL1_RNG1 6B M-I-1-08
5 FPix_BpO_D1_BLD8_PNL2_RNG1 8T M-P-1-33
7 FPix_BpO_D1_BLD11_PNL1_RNG2 11B M-I-3-47
2 FPix_BpO_D1_BLD10_PNL1_RNG2 10B M-Y-A-NJ
4 FPix_BpO_D1_BLD7_PNL1_RNG1 7B M-Y-T-NJ
8 FPix_BpO_D1_BLD13_PNL1_RNG2 13B M-N-3-28
16 FPix_BpO_D1_BLD10_PNL2_RNG2 10T M-N-3-06
